#
# There is insufficient memory for the Java Runtime Environment to continue.
# Native memory allocation (malloc) failed to allocate 43840 bytes for Chunk::new
# Possible reasons:
#   The system is out of physical RAM or swap space
#   The process is running with CompressedOops enabled, and the Java Heap may be blocking the growth of the native heap
# Possible solutions:
#   Reduce memory load on the system
#   Increase physical memory or swap space
#   Check if swap backing store is full
#   Decrease Java heap size (-Xmx/-Xms)
#   Decrease number of Java threads
#   Decrease Java thread stack sizes (-Xss)
#   Set larger code cache with -XX:ReservedCodeCacheSize=
#   JVM is running with Zero Based Compressed Oops mode in which the Java heap is
#     placed in the first 32GB address space. The Java Heap base address is the
#     maximum limit for the native heap growth. Please use -XX:HeapBaseMinAddress
#     to set the Java Heap base and to place the Java Heap above 32GB virtual address.
# This output file may be truncated or incomplete.
#
#  Out of Memory Error (arena.cpp:184), pid=8632, tid=5984
#
# JRE version: Java(TM) SE Runtime Environment (20.0.1+9) (build 20.0.1+9-29)
# Java VM: Java HotSpot(TM) 64-Bit Server VM (20.0.1+9-29, mixed mode, sharing, tiered, compressed oops, compressed class ptrs, g1 gc, windows-amd64)
# No core dump will be written. Minidumps are not enabled by default on client versions of Windows
#

---------------  S U M M A R Y ------------

Command Line: -Dfile.encoding=UTF-8 -Djava.security.policy=applet.policy Ventana.Ventana_Principal

Host: AMD Ryzen 5 3400G with Radeon Vega Graphics    , 8 cores, 9G,  Windows 10 , 64 bit Build 19041 (10.0.19041.3031)
Time: Sat Jul  8 21:56:47 2023 Hora est. Pacífico, Sudamérica elapsed time: 2.474532 seconds (0d 0h 0m 2s)

---------------  T H R E A D  ---------------

Current thread (0x0000017b5bf2d4a0):  JavaThread "C2 CompilerThread2" daemon [_thread_in_native, id=5984, stack(0x00000071e0c00000,0x00000071e0d00000)]


Current CompileTask:
C2:   2474 2621       4       sun.awt.geom.CurveLink::<init> (76 bytes)

Stack: [0x00000071e0c00000,0x00000071e0d00000]
Native frames: (J=compiled Java code, j=interpreted, Vv=VM code, C=native code)
V  [jvm.dll+0x6bb95a]
V  [jvm.dll+0x8485fa]
V  [jvm.dll+0x84a1f5]
V  [jvm.dll+0x84a8f3]
V  [jvm.dll+0x280b0f]
V  [jvm.dll+0xc2b11]
V  [jvm.dll+0xc2e35]
V  [jvm.dll+0x3bb17c]
V  [jvm.dll+0x3857f5]
V  [jvm.dll+0x384c6a]
V  [jvm.dll+0x24b259]
V  [jvm.dll+0x24a651]
V  [jvm.dll+0x1ce491]
V  [jvm.dll+0x259e1b]
V  [jvm.dll+0x2584f0]
V  [jvm.dll+0x3f2895]
V  [jvm.dll+0x7f4b56]
V  [jvm.dll+0x6ba5cb]
C  [ucrtbase.dll+0x21bb2]
C  [KERNEL32.DLL+0x17614]
C  [ntdll.dll+0x526f1]


---------------  P R O C E S S  ---------------

Threads class SMR info:
_java_thread_list=0x0000017b5be9def0, length=26, elements={
0x0000017b520d2910, 0x0000017b520d3600, 0x0000017b520d78d0, 0x0000017b520d9bf0,
0x0000017b520dcaf0, 0x0000017b520e2ae0, 0x0000017b520e4720, 0x0000017b520f16c0,
0x0000017b564d1510, 0x0000017b564d7f20, 0x0000017b56733020, 0x0000017b56736780,
0x0000017b567378d0, 0x0000017b567d76a0, 0x0000017b34c13dd0, 0x0000017b56f21830,
0x0000017b57461ac0, 0x0000017b56f23d60, 0x0000017b56f222d0, 0x0000017b56f22820,
0x0000017b56f20840, 0x0000017b56f20d90, 0x0000017b56f22d70, 0x0000017b56f21d80,
0x0000017b56f232c0, 0x0000017b5bf2d4a0
}

Java Threads: ( => current thread )
  0x0000017b520d2910 JavaThread "Reference Handler" daemon [_thread_blocked, id=11128, stack(0x00000071de400000,0x00000071de500000)]
  0x0000017b520d3600 JavaThread "Finalizer" daemon [_thread_blocked, id=14224, stack(0x00000071de500000,0x00000071de600000)]
  0x0000017b520d78d0 JavaThread "Signal Dispatcher" daemon [_thread_blocked, id=15992, stack(0x00000071de600000,0x00000071de700000)]
  0x0000017b520d9bf0 JavaThread "Attach Listener" daemon [_thread_blocked, id=16740, stack(0x00000071de700000,0x00000071de800000)]
  0x0000017b520dcaf0 JavaThread "Service Thread" daemon [_thread_blocked, id=8024, stack(0x00000071de800000,0x00000071de900000)]
  0x0000017b520e2ae0 JavaThread "Monitor Deflation Thread" daemon [_thread_blocked, id=14992, stack(0x00000071de900000,0x00000071dea00000)]
  0x0000017b520e4720 JavaThread "C2 CompilerThread0" daemon [_thread_in_native, id=1640, stack(0x00000071dea00000,0x00000071deb00000)]
  0x0000017b520f16c0 JavaThread "C1 CompilerThread0" daemon [_thread_in_native, id=6632, stack(0x00000071deb00000,0x00000071dec00000)]
  0x0000017b564d1510 JavaThread "Notification Thread" daemon [_thread_blocked, id=13012, stack(0x00000071dec00000,0x00000071ded00000)]
  0x0000017b564d7f20 JavaThread "Common-Cleaner" daemon [_thread_blocked, id=16948, stack(0x00000071dee00000,0x00000071def00000)]
  0x0000017b56733020 JavaThread "Java2D Disposer" daemon [_thread_blocked, id=16324, stack(0x00000071def00000,0x00000071df000000)]
  0x0000017b56736780 JavaThread "AWT-Shutdown" [_thread_blocked, id=1240, stack(0x00000071df000000,0x00000071df100000)]
  0x0000017b567378d0 JavaThread "AWT-Windows" daemon [_thread_in_native, id=6252, stack(0x00000071df100000,0x00000071df200000)]
  0x0000017b567d76a0 JavaThread "AWT-EventQueue-0" [_thread_blocked, id=17104, stack(0x00000071df200000,0x00000071df300000)]
  0x0000017b34c13dd0 JavaThread "DestroyJavaVM" [_thread_blocked, id=16408, stack(0x00000071ddd00000,0x00000071dde00000)]
  0x0000017b56f21830 JavaThread "Image Fetcher 0" daemon [_thread_blocked, id=15156, stack(0x00000071dfb00000,0x00000071dfc00000)]
  0x0000017b57461ac0 JavaThread "C2 CompilerThread1" daemon [_thread_in_native, id=7100, stack(0x00000071dfc00000,0x00000071dfd00000)]
  0x0000017b56f23d60 JavaThread "TimerQueue" daemon [_thread_blocked, id=7260, stack(0x00000071dfd00000,0x00000071dfe00000)]
  0x0000017b56f222d0 JavaThread "Thread-0" [_thread_blocked, id=15540, stack(0x00000071dfe00000,0x00000071dff00000)]
  0x0000017b56f22820 JavaThread "Thread-1" [_thread_blocked, id=5908, stack(0x00000071dff00000,0x00000071e0000000)]
  0x0000017b56f20840 JavaThread "Thread-2" [_thread_blocked, id=13828, stack(0x00000071e0000000,0x00000071e0100000)]
  0x0000017b56f20d90 JavaThread "Thread-3" [_thread_blocked, id=16568, stack(0x00000071e0100000,0x00000071e0200000)]
  0x0000017b56f22d70 JavaThread "Thread-4" [_thread_blocked, id=17388, stack(0x00000071e0200000,0x00000071e0300000)]
  0x0000017b56f21d80 JavaThread "Thread-5" [_thread_blocked, id=8964, stack(0x00000071e0300000,0x00000071e0400000)]
  0x0000017b56f232c0 JavaThread "D3D Screen Updater" daemon [_thread_blocked, id=15424, stack(0x00000071e0b00000,0x00000071e0c00000)]
=>0x0000017b5bf2d4a0 JavaThread "C2 CompilerThread2" daemon [_thread_in_native, id=5984, stack(0x00000071e0c00000,0x00000071e0d00000)]

Other Threads:
  0x0000017b520b1120 VMThread "VM Thread" [stack: 0x00000071de300000,0x00000071de400000] [id=17372]
  0x0000017b564d4290 WatcherThread "VM Periodic Task Thread" [stack: 0x00000071ded00000,0x00000071dee00000] [id=16280]
  0x0000017b34c67770 WorkerThread "GC Thread#0" [stack: 0x00000071dde00000,0x00000071ddf00000] [id=17196]
  0x0000017b574b0e70 WorkerThread "GC Thread#1" [stack: 0x00000071e0400000,0x00000071e0500000] [id=17024]
  0x0000017b574b1410 WorkerThread "GC Thread#2" [stack: 0x00000071e0500000,0x00000071e0600000] [id=4492]
  0x0000017b574b0330 WorkerThread "GC Thread#3" [stack: 0x00000071e0600000,0x00000071e0700000] [id=8684]
  0x0000017b574b0ba0 WorkerThread "GC Thread#4" [stack: 0x00000071e0700000,0x00000071e0800000] [id=5940]
  0x0000017b574b16e0 WorkerThread "GC Thread#5" [stack: 0x00000071e0800000,0x00000071e0900000] [id=6012]
  0x0000017b574b1c80 WorkerThread "GC Thread#6" [stack: 0x00000071e0900000,0x00000071e0a00000] [id=11796]
  0x0000017b574b0600 WorkerThread "GC Thread#7" [stack: 0x00000071e0a00000,0x00000071e0b00000] [id=13728]
  0x0000017b34c74760 ConcurrentGCThread "G1 Main Marker" [stack: 0x00000071ddf00000,0x00000071de000000] [id=16772]
  0x0000017b34c75840 WorkerThread "G1 Conc#0" [stack: 0x00000071de000000,0x00000071de100000] [id=1884]
  0x0000017b51f70090 ConcurrentGCThread "G1 Refine#0" [stack: 0x00000071de100000,0x00000071de200000] [id=17040]
  0x0000017b51f73800 ConcurrentGCThread "G1 Service" [stack: 0x00000071de200000,0x00000071de300000] [id=7156]

Threads with active compile tasks:
C2 CompilerThread0     2530 2603   !   4       sun.awt.geom.Curve::compareTo (852 bytes)
C1 CompilerThread0     2530 2663       3       sun.java2d.pipe.BufferedTextPipe::createPackedParams (57 bytes)
C2 CompilerThread1     2530 2635       4       sun.java2d.marlin.MarlinTileGenerator::getAlphaRLE (1749 bytes)
C2 CompilerThread2     2530 2621       4       sun.awt.geom.CurveLink::<init> (76 bytes)

VM state: not at safepoint (normal execution)

VM Mutex/Monitor currently owned by a thread: None

Heap address: 0x0000000760c00000, size: 2548 MB, Compressed Oops mode: Zero based, Oop shift amount: 3

CDS archive(s) mapped at: [0x0000000800000000-0x0000000800c60000-0x0000000800c60000), size 12976128, SharedBaseAddress: 0x0000000800000000, ArchiveRelocationMode: 0.
Compressed class space mapped at: 0x0000000801000000-0x0000000841000000, reserved size: 1073741824
Narrow klass base: 0x0000000800000000, Narrow klass shift: 0, Narrow klass range: 0x100000000

GC Precious Log:
 CardTable entry size: 512
 Card Set container configuration: InlinePtr #cards 4 size 8 Array Of Cards #cards 16 size 48 Howl #buckets 8 coarsen threshold 3686 Howl Bitmap #cards 512 size 80 coarsen threshold 460 Card regions per heap region 1 cards per card region 4096
 CPUs: 8 total, 8 available
 Memory: 10188M
 Large Page Support: Disabled
 NUMA Support: Disabled
 Compressed Oops: Enabled (Zero based)
 Heap Region Size: 2M
 Heap Min Capacity: 8M
 Heap Initial Capacity: 160M
 Heap Max Capacity: 2548M
 Pre-touch: Disabled
 Parallel Workers: 8
 Concurrent Workers: 2
 Concurrent Refinement Workers: 8
 Periodic GC: Disabled

Heap:
 garbage-first heap   total 163840K, used 25144K [0x0000000760c00000, 0x0000000800000000)
  region size 2048K, 10 young (20480K), 2 survivors (4096K)
 Metaspace       used 14019K, committed 14272K, reserved 1114112K
  class space    used 1644K, committed 1792K, reserved 1048576K

Heap Regions: E=young(eden), S=young(survivor), O=old, HS=humongous(starts), HC=humongous(continues), CS=collection set, F=free, OA=open archive, CA=closed archive, TAMS=top-at-mark-start, PB=parsable bottom
|   0|0x0000000760c00000, 0x0000000760c00000, 0x0000000760e00000|  0%| F|  |TAMS 0x0000000760c00000| PB 0x0000000760c00000| Untracked 
|   1|0x0000000760e00000, 0x0000000760e00000, 0x0000000761000000|  0%| F|  |TAMS 0x0000000760e00000| PB 0x0000000760e00000| Untracked 
|   2|0x0000000761000000, 0x0000000761200000, 0x0000000761200000|100%|HS|  |TAMS 0x0000000761000000| PB 0x0000000761000000| Complete 
|   3|0x0000000761200000, 0x0000000761400000, 0x0000000761400000|100%|HC|  |TAMS 0x0000000761200000| PB 0x0000000761200000| Complete 
|   4|0x0000000761400000, 0x0000000761600000, 0x0000000761600000|100%| O|  |TAMS 0x0000000761400000| PB 0x0000000761400000| Untracked 
|   5|0x0000000761600000, 0x000000076168e200, 0x0000000761800000| 27%| O|  |TAMS 0x0000000761600000| PB 0x0000000761600000| Untracked 
|   6|0x0000000761800000, 0x0000000761800000, 0x0000000761a00000|  0%| F|  |TAMS 0x0000000761800000| PB 0x0000000761800000| Untracked 
|   7|0x0000000761a00000, 0x0000000761a00000, 0x0000000761c00000|  0%| F|  |TAMS 0x0000000761a00000| PB 0x0000000761a00000| Untracked 
|   8|0x0000000761c00000, 0x0000000761c00000, 0x0000000761e00000|  0%| F|  |TAMS 0x0000000761c00000| PB 0x0000000761c00000| Untracked 
|   9|0x0000000761e00000, 0x0000000761e00000, 0x0000000762000000|  0%| F|  |TAMS 0x0000000761e00000| PB 0x0000000761e00000| Untracked 
|  10|0x0000000762000000, 0x0000000762000000, 0x0000000762200000|  0%| F|  |TAMS 0x0000000762000000| PB 0x0000000762000000| Untracked 
|  11|0x0000000762200000, 0x0000000762200000, 0x0000000762400000|  0%| F|  |TAMS 0x0000000762200000| PB 0x0000000762200000| Untracked 
|  12|0x0000000762400000, 0x0000000762400000, 0x0000000762600000|  0%| F|  |TAMS 0x0000000762400000| PB 0x0000000762400000| Untracked 
|  13|0x0000000762600000, 0x0000000762600000, 0x0000000762800000|  0%| F|  |TAMS 0x0000000762600000| PB 0x0000000762600000| Untracked 
|  14|0x0000000762800000, 0x0000000762800000, 0x0000000762a00000|  0%| F|  |TAMS 0x0000000762800000| PB 0x0000000762800000| Untracked 
|  15|0x0000000762a00000, 0x0000000762a00000, 0x0000000762c00000|  0%| F|  |TAMS 0x0000000762a00000| PB 0x0000000762a00000| Untracked 
|  16|0x0000000762c00000, 0x0000000762c00000, 0x0000000762e00000|  0%| F|  |TAMS 0x0000000762c00000| PB 0x0000000762c00000| Untracked 
|  17|0x0000000762e00000, 0x0000000762e00000, 0x0000000763000000|  0%| F|  |TAMS 0x0000000762e00000| PB 0x0000000762e00000| Untracked 
|  18|0x0000000763000000, 0x0000000763000000, 0x0000000763200000|  0%| F|  |TAMS 0x0000000763000000| PB 0x0000000763000000| Untracked 
|  19|0x0000000763200000, 0x0000000763200000, 0x0000000763400000|  0%| F|  |TAMS 0x0000000763200000| PB 0x0000000763200000| Untracked 
|  20|0x0000000763400000, 0x0000000763400000, 0x0000000763600000|  0%| F|  |TAMS 0x0000000763400000| PB 0x0000000763400000| Untracked 
|  21|0x0000000763600000, 0x0000000763600000, 0x0000000763800000|  0%| F|  |TAMS 0x0000000763600000| PB 0x0000000763600000| Untracked 
|  22|0x0000000763800000, 0x0000000763800000, 0x0000000763a00000|  0%| F|  |TAMS 0x0000000763800000| PB 0x0000000763800000| Untracked 
|  23|0x0000000763a00000, 0x0000000763a00000, 0x0000000763c00000|  0%| F|  |TAMS 0x0000000763a00000| PB 0x0000000763a00000| Untracked 
|  24|0x0000000763c00000, 0x0000000763c00000, 0x0000000763e00000|  0%| F|  |TAMS 0x0000000763c00000| PB 0x0000000763c00000| Untracked 
|  25|0x0000000763e00000, 0x0000000763e00000, 0x0000000764000000|  0%| F|  |TAMS 0x0000000763e00000| PB 0x0000000763e00000| Untracked 
|  26|0x0000000764000000, 0x0000000764000000, 0x0000000764200000|  0%| F|  |TAMS 0x0000000764000000| PB 0x0000000764000000| Untracked 
|  27|0x0000000764200000, 0x0000000764200000, 0x0000000764400000|  0%| F|  |TAMS 0x0000000764200000| PB 0x0000000764200000| Untracked 
|  28|0x0000000764400000, 0x0000000764400000, 0x0000000764600000|  0%| F|  |TAMS 0x0000000764400000| PB 0x0000000764400000| Untracked 
|  29|0x0000000764600000, 0x0000000764600000, 0x0000000764800000|  0%| F|  |TAMS 0x0000000764600000| PB 0x0000000764600000| Untracked 
|  30|0x0000000764800000, 0x0000000764800000, 0x0000000764a00000|  0%| F|  |TAMS 0x0000000764800000| PB 0x0000000764800000| Untracked 
|  31|0x0000000764a00000, 0x0000000764a00000, 0x0000000764c00000|  0%| F|  |TAMS 0x0000000764a00000| PB 0x0000000764a00000| Untracked 
|  32|0x0000000764c00000, 0x0000000764c00000, 0x0000000764e00000|  0%| F|  |TAMS 0x0000000764c00000| PB 0x0000000764c00000| Untracked 
|  33|0x0000000764e00000, 0x0000000764e00000, 0x0000000765000000|  0%| F|  |TAMS 0x0000000764e00000| PB 0x0000000764e00000| Untracked 
|  34|0x0000000765000000, 0x0000000765000000, 0x0000000765200000|  0%| F|  |TAMS 0x0000000765000000| PB 0x0000000765000000| Untracked 
|  35|0x0000000765200000, 0x0000000765200000, 0x0000000765400000|  0%| F|  |TAMS 0x0000000765200000| PB 0x0000000765200000| Untracked 
|  36|0x0000000765400000, 0x0000000765400000, 0x0000000765600000|  0%| F|  |TAMS 0x0000000765400000| PB 0x0000000765400000| Untracked 
|  37|0x0000000765600000, 0x0000000765600000, 0x0000000765800000|  0%| F|  |TAMS 0x0000000765600000| PB 0x0000000765600000| Untracked 
|  38|0x0000000765800000, 0x0000000765800000, 0x0000000765a00000|  0%| F|  |TAMS 0x0000000765800000| PB 0x0000000765800000| Untracked 
|  39|0x0000000765a00000, 0x0000000765a00000, 0x0000000765c00000|  0%| F|  |TAMS 0x0000000765a00000| PB 0x0000000765a00000| Untracked 
|  40|0x0000000765c00000, 0x0000000765c00000, 0x0000000765e00000|  0%| F|  |TAMS 0x0000000765c00000| PB 0x0000000765c00000| Untracked 
|  41|0x0000000765e00000, 0x0000000765e00000, 0x0000000766000000|  0%| F|  |TAMS 0x0000000765e00000| PB 0x0000000765e00000| Untracked 
|  42|0x0000000766000000, 0x0000000766000000, 0x0000000766200000|  0%| F|  |TAMS 0x0000000766000000| PB 0x0000000766000000| Untracked 
|  43|0x0000000766200000, 0x0000000766200000, 0x0000000766400000|  0%| F|  |TAMS 0x0000000766200000| PB 0x0000000766200000| Untracked 
|  44|0x0000000766400000, 0x0000000766400000, 0x0000000766600000|  0%| F|  |TAMS 0x0000000766400000| PB 0x0000000766400000| Untracked 
|  45|0x0000000766600000, 0x0000000766600000, 0x0000000766800000|  0%| F|  |TAMS 0x0000000766600000| PB 0x0000000766600000| Untracked 
|  46|0x0000000766800000, 0x0000000766800000, 0x0000000766a00000|  0%| F|  |TAMS 0x0000000766800000| PB 0x0000000766800000| Untracked 
|  47|0x0000000766a00000, 0x0000000766a00000, 0x0000000766c00000|  0%| F|  |TAMS 0x0000000766a00000| PB 0x0000000766a00000| Untracked 
|  48|0x0000000766c00000, 0x0000000766c00000, 0x0000000766e00000|  0%| F|  |TAMS 0x0000000766c00000| PB 0x0000000766c00000| Untracked 
|  49|0x0000000766e00000, 0x0000000766e00000, 0x0000000767000000|  0%| F|  |TAMS 0x0000000766e00000| PB 0x0000000766e00000| Untracked 
|  50|0x0000000767000000, 0x0000000767000000, 0x0000000767200000|  0%| F|  |TAMS 0x0000000767000000| PB 0x0000000767000000| Untracked 
|  51|0x0000000767200000, 0x0000000767200000, 0x0000000767400000|  0%| F|  |TAMS 0x0000000767200000| PB 0x0000000767200000| Untracked 
|  52|0x0000000767400000, 0x0000000767400000, 0x0000000767600000|  0%| F|  |TAMS 0x0000000767400000| PB 0x0000000767400000| Untracked 
|  53|0x0000000767600000, 0x0000000767600000, 0x0000000767800000|  0%| F|  |TAMS 0x0000000767600000| PB 0x0000000767600000| Untracked 
|  54|0x0000000767800000, 0x0000000767800000, 0x0000000767a00000|  0%| F|  |TAMS 0x0000000767800000| PB 0x0000000767800000| Untracked 
|  55|0x0000000767a00000, 0x0000000767a00000, 0x0000000767c00000|  0%| F|  |TAMS 0x0000000767a00000| PB 0x0000000767a00000| Untracked 
|  56|0x0000000767c00000, 0x0000000767c00000, 0x0000000767e00000|  0%| F|  |TAMS 0x0000000767c00000| PB 0x0000000767c00000| Untracked 
|  57|0x0000000767e00000, 0x0000000767e00000, 0x0000000768000000|  0%| F|  |TAMS 0x0000000767e00000| PB 0x0000000767e00000| Untracked 
|  58|0x0000000768000000, 0x0000000768000000, 0x0000000768200000|  0%| F|  |TAMS 0x0000000768000000| PB 0x0000000768000000| Untracked 
|  59|0x0000000768200000, 0x0000000768200000, 0x0000000768400000|  0%| F|  |TAMS 0x0000000768200000| PB 0x0000000768200000| Untracked 
|  60|0x0000000768400000, 0x0000000768400000, 0x0000000768600000|  0%| F|  |TAMS 0x0000000768400000| PB 0x0000000768400000| Untracked 
|  61|0x0000000768600000, 0x0000000768600000, 0x0000000768800000|  0%| F|  |TAMS 0x0000000768600000| PB 0x0000000768600000| Untracked 
|  62|0x0000000768800000, 0x0000000768800000, 0x0000000768a00000|  0%| F|  |TAMS 0x0000000768800000| PB 0x0000000768800000| Untracked 
|  63|0x0000000768a00000, 0x0000000768a00000, 0x0000000768c00000|  0%| F|  |TAMS 0x0000000768a00000| PB 0x0000000768a00000| Untracked 
|  64|0x0000000768c00000, 0x0000000768c00000, 0x0000000768e00000|  0%| F|  |TAMS 0x0000000768c00000| PB 0x0000000768c00000| Untracked 
|  65|0x0000000768e00000, 0x0000000768e00000, 0x0000000769000000|  0%| F|  |TAMS 0x0000000768e00000| PB 0x0000000768e00000| Untracked 
|  66|0x0000000769000000, 0x0000000769000000, 0x0000000769200000|  0%| F|  |TAMS 0x0000000769000000| PB 0x0000000769000000| Untracked 
|  67|0x0000000769200000, 0x0000000769400000, 0x0000000769400000|100%| S|CS|TAMS 0x0000000769200000| PB 0x0000000769200000| Complete 
|  68|0x0000000769400000, 0x0000000769600000, 0x0000000769600000|100%| S|CS|TAMS 0x0000000769400000| PB 0x0000000769400000| Complete 
|  69|0x0000000769600000, 0x0000000769600000, 0x0000000769800000|  0%| F|  |TAMS 0x0000000769600000| PB 0x0000000769600000| Untracked 
|  70|0x0000000769800000, 0x0000000769800000, 0x0000000769a00000|  0%| F|  |TAMS 0x0000000769800000| PB 0x0000000769800000| Untracked 
|  71|0x0000000769a00000, 0x0000000769a00000, 0x0000000769c00000|  0%| F|  |TAMS 0x0000000769a00000| PB 0x0000000769a00000| Untracked 
|  72|0x0000000769c00000, 0x0000000769d1e9d8, 0x0000000769e00000| 55%| E|  |TAMS 0x0000000769c00000| PB 0x0000000769c00000| Complete 
|  73|0x0000000769e00000, 0x000000076a000000, 0x000000076a000000|100%| E|CS|TAMS 0x0000000769e00000| PB 0x0000000769e00000| Complete 
|  74|0x000000076a000000, 0x000000076a200000, 0x000000076a200000|100%| E|CS|TAMS 0x000000076a000000| PB 0x000000076a000000| Complete 
|  75|0x000000076a200000, 0x000000076a400000, 0x000000076a400000|100%| E|CS|TAMS 0x000000076a200000| PB 0x000000076a200000| Complete 
|  76|0x000000076a400000, 0x000000076a600000, 0x000000076a600000|100%| E|CS|TAMS 0x000000076a400000| PB 0x000000076a400000| Complete 
|  77|0x000000076a600000, 0x000000076a800000, 0x000000076a800000|100%| E|CS|TAMS 0x000000076a600000| PB 0x000000076a600000| Complete 
|  78|0x000000076a800000, 0x000000076aa00000, 0x000000076aa00000|100%| E|CS|TAMS 0x000000076a800000| PB 0x000000076a800000| Complete 
|  79|0x000000076aa00000, 0x000000076ac00000, 0x000000076ac00000|100%| E|CS|TAMS 0x000000076aa00000| PB 0x000000076aa00000| Complete 

Card table byte_map: [0x0000017b4c500000,0x0000017b4ca00000] _byte_map_base: 0x0000017b489fa000

Marking Bits: (CMBitMap*) 0x0000017b34c69cd0
 Bits: [0x0000017b4cf00000, 0x0000017b4f6d0000)

Polling page: 0x0000017b31e50000

Metaspace:

Usage:
  Non-class:     12.09 MB used.
      Class:      1.61 MB used.
       Both:     13.70 MB used.

Virtual space:
  Non-class space:       64.00 MB reserved,      12.19 MB ( 19%) committed,  1 nodes.
      Class space:        1.00 GB reserved,       1.75 MB ( <1%) committed,  1 nodes.
             Both:        1.06 GB reserved,      13.94 MB (  1%) committed. 

Chunk freelists:
   Non-Class:  3.00 MB
       Class:  2.24 MB
        Both:  5.24 MB

MaxMetaspaceSize: unlimited
CompressedClassSpaceSize: 1.00 GB
Initial GC threshold: 21.00 MB
Current GC threshold: 21.00 MB
CDS: on
MetaspaceReclaimPolicy: balanced
 - commit_granule_bytes: 65536.
 - commit_granule_words: 8192.
 - virtual_space_node_default_size: 8388608.
 - enlarge_chunks_in_place: 1.
 - new_chunks_are_fully_committed: 0.
 - uncommit_free_chunks: 1.
 - use_allocation_guard: 0.


Internal statistics:

num_allocs_failed_limit: 0.
num_arena_births: 182.
num_arena_deaths: 0.
num_vsnodes_births: 2.
num_vsnodes_deaths: 0.
num_space_committed: 223.
num_space_uncommitted: 0.
num_chunks_returned_to_freelist: 0.
num_chunks_taken_from_freelist: 278.
num_chunk_merges: 0.
num_chunk_splits: 155.
num_chunks_enlarged: 69.
num_inconsistent_stats: 0.

CodeHeap 'non-profiled nmethods': size=120000Kb used=1157Kb max_used=1157Kb free=118842Kb
 bounds [0x0000017b447a0000, 0x0000017b44a10000, 0x0000017b4bcd0000]
CodeHeap 'profiled nmethods': size=120000Kb used=4993Kb max_used=4993Kb free=115006Kb
 bounds [0x0000017b3ccd0000, 0x0000017b3d1c0000, 0x0000017b44200000]
CodeHeap 'non-nmethods': size=5760Kb used=1728Kb max_used=1778Kb free=4031Kb
 bounds [0x0000017b44200000, 0x0000017b44470000, 0x0000017b447a0000]
 total_blobs=3383 nmethods=2657 adapters=635
 compilation: enabled
              stopped_count=0, restarted_count=0
 full_count=0

Compilation events (20 events):
Event: 2.452 Thread 0x0000017b5bf2d4a0 2614       4       sun.java2d.marlin.Curve::set (153 bytes)
Event: 2.452 Thread 0x0000017b520f16c0 nmethod 2611% 0x0000017b3d189a90 code [0x0000017b3d189f40, 0x0000017b3d18d4f0]
Event: 2.452 Thread 0x0000017b5bf2d4a0 nmethod 2614 0x0000017b448b4910 code [0x0000017b448b4aa0, 0x0000017b448b4bc8]
Event: 2.452 Thread 0x0000017b520f16c0 2613   !   3       javax.swing.JComponent::fetchRectangle (58 bytes)
Event: 2.453 Thread 0x0000017b520f16c0 nmethod 2613 0x0000017b3d18f590 code [0x0000017b3d18f780, 0x0000017b3d18fe58]
Event: 2.453 Thread 0x0000017b520f16c0 2612   !   3       javax.swing.RepaintManager::beginPaint (81 bytes)
Event: 2.454 Thread 0x0000017b520f16c0 nmethod 2612 0x0000017b3d190110 code [0x0000017b3d1902c0, 0x0000017b3d1906e0]
Event: 2.455 Thread 0x0000017b520f16c0 2615       3       sun.awt.NullComponentPeer::getInsets (5 bytes)
Event: 2.455 Thread 0x0000017b520f16c0 nmethod 2615 0x0000017b3d190810 code [0x0000017b3d1909a0, 0x0000017b3d190ae8]
Event: 2.455 Thread 0x0000017b520f16c0 2616       3       sun.awt.NullComponentPeer::insets (12 bytes)
Event: 2.455 Thread 0x0000017b5bf2d4a0 2617       4       sun.java2d.marlin.Helpers::outcode (70 bytes)
Event: 2.455 Thread 0x0000017b520f16c0 nmethod 2616 0x0000017b3d190b90 code [0x0000017b3d190d20, 0x0000017b3d190f40]
Event: 2.455 Thread 0x0000017b520f16c0 2618       3       sun.java2d.marlin.MarlinTileGenerator::getAlphaRLE (1749 bytes)
Event: 2.456 Thread 0x0000017b5bf2d4a0 nmethod 2617 0x0000017b448b4c10 code [0x0000017b448b4d80, 0x0000017b448b4e78]
Event: 2.461 Thread 0x0000017b520f16c0 nmethod 2618 0x0000017b3d191010 code [0x0000017b3d1914a0, 0x0000017b3d1943e0]
Event: 2.461 Thread 0x0000017b520f16c0 2619       3       javax.swing.JProgressBar::getString (41 bytes)
Event: 2.462 Thread 0x0000017b520f16c0 nmethod 2619 0x0000017b3d196410 code [0x0000017b3d196600, 0x0000017b3d196bf0]
Event: 2.462 Thread 0x0000017b520f16c0 2620       3       sun.font.FontDesignMetrics::getDescent (10 bytes)
Event: 2.462 Thread 0x0000017b520f16c0 nmethod 2620 0x0000017b3d196e10 code [0x0000017b3d196fa0, 0x0000017b3d1970d8]
Event: 2.467 Thread 0x0000017b5bf2d4a0 2621       4       sun.awt.geom.CurveLink::<init> (76 bytes)

GC Heap History (2 events):
Event: 1.128 GC heap before
{Heap before GC invocations=0 (full 0):
 garbage-first heap   total 163840K, used 30720K [0x0000000760c00000, 0x0000000800000000)
  region size 2048K, 11 young (22528K), 0 survivors (0K)
 Metaspace       used 12282K, committed 12544K, reserved 1114112K
  class space    used 1529K, committed 1664K, reserved 1048576K
}
Event: 1.135 GC heap after
{Heap after GC invocations=1 (full 0):
 garbage-first heap   total 163840K, used 10808K [0x0000000760c00000, 0x0000000800000000)
  region size 2048K, 2 young (4096K), 2 survivors (4096K)
 Metaspace       used 12282K, committed 12544K, reserved 1114112K
  class space    used 1529K, committed 1664K, reserved 1048576K
}

Dll operation events (10 events):
Event: 0.009 Loaded shared library C:\Program Files\Java\jdk-20\bin\java.dll
Event: 0.020 Loaded shared library C:\Program Files\Java\jdk-20\bin\jsvml.dll
Event: 0.083 Loaded shared library C:\Program Files\Java\jdk-20\bin\net.dll
Event: 0.086 Loaded shared library C:\Program Files\Java\jdk-20\bin\nio.dll
Event: 0.093 Loaded shared library C:\Program Files\Java\jdk-20\bin\zip.dll
Event: 0.140 Loaded shared library C:\Program Files\Java\jdk-20\bin\jimage.dll
Event: 0.161 Loaded shared library C:\Program Files\Java\jdk-20\bin\awt.dll
Event: 0.287 Loaded shared library C:\Program Files\Java\jdk-20\bin\freetype.dll
Event: 0.288 Loaded shared library C:\Program Files\Java\jdk-20\bin\fontmanager.dll
Event: 0.915 Loaded shared library C:\Program Files\Java\jdk-20\bin\javajpeg.dll

Deoptimization events (20 events):
Event: 2.329 Thread 0x0000017b567d76a0 DEOPT PACKING pc=0x0000017b3d0266a8 sp=0x00000071df2fd9b0
Event: 2.329 Thread 0x0000017b567d76a0 DEOPT UNPACKING pc=0x0000017b4426a4bb sp=0x00000071df2fcdb0 mode 0
Event: 2.335 Thread 0x0000017b567d76a0 DEOPT PACKING pc=0x0000017b3d02656f sp=0x00000071df2fd9b0
Event: 2.335 Thread 0x0000017b567d76a0 DEOPT UNPACKING pc=0x0000017b4426a4bb sp=0x00000071df2fcdb0 mode 0
Event: 2.340 Thread 0x0000017b567d76a0 DEOPT PACKING pc=0x0000017b3d02656f sp=0x00000071df2fd9b0
Event: 2.340 Thread 0x0000017b567d76a0 DEOPT UNPACKING pc=0x0000017b4426a4bb sp=0x00000071df2fcdb0 mode 0
Event: 2.347 Thread 0x0000017b567d76a0 DEOPT PACKING pc=0x0000017b3d026b4d sp=0x00000071df2fd9b0
Event: 2.347 Thread 0x0000017b567d76a0 DEOPT UNPACKING pc=0x0000017b4426a4bb sp=0x00000071df2fcda8 mode 0
Event: 2.359 Thread 0x0000017b567d76a0 DEOPT PACKING pc=0x0000017b3d02656f sp=0x00000071df2fd9b0
Event: 2.359 Thread 0x0000017b567d76a0 DEOPT UNPACKING pc=0x0000017b4426a4bb sp=0x00000071df2fcdb0 mode 0
Event: 2.391 Thread 0x0000017b567d76a0 DEOPT PACKING pc=0x0000017b3d02656f sp=0x00000071df2fd9f0
Event: 2.391 Thread 0x0000017b567d76a0 DEOPT UNPACKING pc=0x0000017b4426a4bb sp=0x00000071df2fcdf0 mode 0
Event: 2.407 Thread 0x0000017b567d76a0 DEOPT PACKING pc=0x0000017b3d0266a8 sp=0x00000071df2fda30
Event: 2.407 Thread 0x0000017b567d76a0 DEOPT UNPACKING pc=0x0000017b4426a4bb sp=0x00000071df2fce30 mode 0
Event: 2.411 Thread 0x0000017b567d76a0 DEOPT PACKING pc=0x0000017b3d026632 sp=0x00000071df2fda30
Event: 2.411 Thread 0x0000017b567d76a0 DEOPT UNPACKING pc=0x0000017b4426a4bb sp=0x00000071df2fce28 mode 0
Event: 2.445 Thread 0x0000017b567d76a0 Uncommon trap: trap_request=0xffffff45 fr.pc=0x0000017b448ad51c relative=0x00000000000027bc
Event: 2.445 Thread 0x0000017b567d76a0 Uncommon trap: reason=unstable_if action=reinterpret pc=0x0000017b448ad51c method=sun.java2d.marlin.MarlinTileGenerator.getAlphaRLE([BII)V @ 141 c2
Event: 2.445 Thread 0x0000017b567d76a0 DEOPT PACKING pc=0x0000017b448ad51c sp=0x00000071df2fdaa0
Event: 2.445 Thread 0x0000017b567d76a0 DEOPT UNPACKING pc=0x0000017b44269d1b sp=0x00000071df2fd930 mode 2

Classes loaded (20 events):
Event: 1.590 Loading class sun/awt/im/CompositionAreaHandler
Event: 1.590 Loading class sun/awt/im/CompositionAreaHandler done
Event: 1.590 Loading class java/text/AttributedString
Event: 1.591 Loading class java/text/AttributedString done
Event: 1.591 Loading class java/text/AttributedString$AttributedStringIterator
Event: 1.591 Loading class java/text/AttributedCharacterIterator
Event: 1.591 Loading class java/text/AttributedCharacterIterator done
Event: 1.591 Loading class java/text/AttributedString$AttributedStringIterator done
Event: 1.884 Loading class javax/swing/Timer$1
Event: 1.884 Loading class javax/swing/Timer$1 done
Event: 1.916 Loading class sun/util/resources/LocaleData$CommonResourceBundleProvider
Event: 1.917 Loading class sun/util/resources/LocaleData$LocaleDataResourceBundleProvider
Event: 1.917 Loading class java/util/spi/ResourceBundleProvider
Event: 1.917 Loading class java/util/spi/ResourceBundleProvider done
Event: 1.917 Loading class sun/util/resources/LocaleData$LocaleDataResourceBundleProvider done
Event: 1.917 Loading class sun/util/resources/LocaleData$CommonResourceBundleProvider done
Event: 1.917 Loading class sun/util/resources/Bundles$2
Event: 1.917 Loading class sun/util/resources/Bundles$2 done
Event: 1.922 Loading class javax/swing/RepaintManager$3
Event: 1.922 Loading class javax/swing/RepaintManager$3 done

Classes unloaded (0 events):
No events

Classes redefined (0 events):
No events

Internal exceptions (20 events):
Event: 0.322 Thread 0x0000017b34c13dd0 Exception <a 'java/lang/ClassNotFoundException'{0x000000076a469758}: Tree> (0x000000076a469758) 
thrown [s\open\src\hotspot\share\classfile\systemDictionary.cpp, line 305]
Event: 0.322 Thread 0x0000017b34c13dd0 Exception <a 'java/lang/ClassNotFoundException'{0x000000076a469ac8}: javax/swing/JTreeCell> (0x000000076a469ac8) 
thrown [s\open\src\hotspot\share\classfile\systemDictionary.cpp, line 305]
Event: 0.322 Thread 0x0000017b34c13dd0 Exception <a 'java/lang/ClassNotFoundException'{0x000000076a469dd0}: TreeCell> (0x000000076a469dd0) 
thrown [s\open\src\hotspot\share\classfile\systemDictionary.cpp, line 305]
Event: 0.322 Thread 0x0000017b34c13dd0 Exception <a 'java/lang/ClassNotFoundException'{0x000000076a46a578}: RootPane> (0x000000076a46a578) 
thrown [s\open\src\hotspot\share\classfile\systemDictionary.cpp, line 305]
Event: 0.324 Thread 0x0000017b34c13dd0 Exception <a 'java/lang/ClassNotFoundException'{0x000000076a46d320}: com/sun/swing/internal/plaf/metal/resources/spi/metalProvider> (0x000000076a46d320) 
thrown [s\open\src\hotspot\share\classfile\systemDictionary.cpp, line 305]
Event: 0.325 Thread 0x0000017b34c13dd0 Exception <a 'java/lang/ClassNotFoundException'{0x000000076a471020}: com/sun/swing/internal/plaf/basic/resources/spi/basicProvider> (0x000000076a471020) 
thrown [s\open\src\hotspot\share\classfile\systemDictionary.cpp, line 305]
Event: 0.396 Thread 0x0000017b567d76a0 Exception <a 'java/lang/ClassNotFoundException'{0x000000076a4fbdc8}: com/sun/swing/internal/plaf/synth/resources/spi/synthProvider> (0x000000076a4fbdc8) 
thrown [s\open\src\hotspot\share\classfile\systemDictionary.cpp, line 305]
Event: 0.413 Thread 0x0000017b567d76a0 Exception <a 'java/lang/NoSuchMethodError'{0x000000076a53f728}: 'int java.lang.invoke.Invokers$Holder.invokeExact_MT(java.lang.Object, java.lang.Object)'> (0x000000076a53f728) 
thrown [s\open\src\hotspot\share\interpreter\linkResolver.cpp, line 773]
Event: 0.430 Thread 0x0000017b567d76a0 Exception <a 'java/lang/NoSuchMethodError'{0x000000076a5e4998}: 'java.lang.Object java.lang.invoke.DirectMethodHandle$Holder.newInvokeSpecial(java.lang.Object, java.lang.Object, int)'> (0x000000076a5e4998) 
thrown [s\open\src\hotspot\share\interpreter\linkResolver.cpp, line 773]
Event: 0.431 Thread 0x0000017b567d76a0 Exception <a 'java/lang/NoSuchMethodError'{0x000000076a5e9848}: 'int java.lang.invoke.DirectMethodHandle$Holder.invokeSpecial(java.lang.Object, java.lang.Object, java.lang.Object, int)'> (0x000000076a5e9848) 
thrown [s\open\src\hotspot\share\interpreter\linkResolver.cpp, line 773]
Event: 0.432 Thread 0x0000017b567d76a0 Exception <a 'java/lang/NoSuchMethodError'{0x000000076a5fbe68}: 'java.lang.Object java.lang.invoke.DirectMethodHandle$Holder.invokeStatic(java.lang.Object, java.lang.Object, java.lang.Object, java.lang.Object, int)'> (0x000000076a5fbe68) 
thrown [s\open\src\hotspot\share\interpreter\linkResolver.cpp, line 773]
Event: 0.433 Thread 0x0000017b567d76a0 Exception <a 'java/lang/NoSuchMethodError'{0x000000076a204800}: 'int java.lang.invoke.DirectMethodHandle$Holder.invokeSpecial(java.lang.Object, java.lang.Object, java.lang.Object)'> (0x000000076a204800) 
thrown [s\open\src\hotspot\share\interpreter\linkResolver.cpp, line 773]
Event: 0.481 Thread 0x0000017b56f21830 Exception <a 'java/lang/NoSuchMethodError'{0x000000076a284200}: 'java.lang.Object java.lang.invoke.DirectMethodHandle$Holder.newInvokeSpecial(java.lang.Object, java.lang.Object, java.lang.Object, int, int, int, int, int)'> (0x000000076a284200) 
thrown [s\open\src\hotspot\share\interpreter\linkResolver.cpp, line 773]
Event: 0.505 Thread 0x0000017b567d76a0 Exception <a 'java/lang/NoSuchMethodError'{0x000000076a31f488}: 'java.lang.Object java.lang.invoke.DirectMethodHandle$Holder.invokeStaticInit(java.lang.Object, int, int, int, int)'> (0x000000076a31f488) 
thrown [s\open\src\hotspot\share\interpreter\linkResolver.cpp, line 773]
Event: 0.540 Thread 0x0000017b567d76a0 Exception <a 'java/lang/NoSuchMethodError'{0x000000076a382bd0}: 'java.lang.Object java.lang.invoke.DirectMethodHandle$Holder.invokeStaticInit(java.lang.Object, java.lang.Object, int, int, int, int)'> (0x000000076a382bd0) 
thrown [s\open\src\hotspot\share\interpreter\linkResolver.cpp, line 773]
Event: 0.743 Thread 0x0000017b567d76a0 Exception <a 'java/lang/NoSuchMethodError'{0x000000076a0970b0}: 'void java.lang.invoke.DirectMethodHandle$Holder.invokeStatic(java.lang.Object, java.lang.Object, java.lang.Object)'> (0x000000076a0970b0) 
thrown [s\open\src\hotspot\share\interpreter\linkResolver.cpp, line 773]
Event: 0.744 Thread 0x0000017b567d76a0 Exception <a 'java/lang/NoSuchMethodError'{0x000000076a09d2f8}: 'void java.lang.invoke.DirectMethodHandle$Holder.invokeStatic(java.lang.Object, java.lang.Object)'> (0x000000076a09d2f8) 
thrown [s\open\src\hotspot\share\interpreter\linkResolver.cpp, line 773]
Event: 1.004 Thread 0x0000017b567d76a0 Exception <a 'java/lang/NoSuchMethodError'{0x0000000769825350}: 'void java.lang.invoke.DirectMethodHandle$Holder.invokeStaticInit(java.lang.Object)'> (0x0000000769825350) 
thrown [s\open\src\hotspot\share\interpreter\linkResolver.cpp, line 773]
Event: 1.091 Thread 0x0000017b567378d0 Exception <a 'java/lang/NoSuchMethodError'{0x000000076a6808e0}: 'void java.lang.invoke.DirectMethodHandle$Holder.invokeVirtual(java.lang.Object, java.lang.Object)'> (0x000000076a6808e0) 
thrown [s\open\src\hotspot\share\interpreter\linkResolver.cpp, line 773]
Event: 1.364 Thread 0x0000017b567d76a0 Implicit null exception at 0x0000017b4481de90 to 0x0000017b4481df34

VM Operations (20 events):
Event: 0.477 Executing VM operation: HandshakeAllThreads
Event: 0.477 Executing VM operation: HandshakeAllThreads done
Event: 0.519 Executing VM operation: HandshakeAllThreads
Event: 0.519 Executing VM operation: HandshakeAllThreads done
Event: 0.800 Executing VM operation: ICBufferFull
Event: 0.801 Executing VM operation: ICBufferFull done
Event: 0.914 Executing VM operation: HandshakeAllThreads
Event: 0.914 Executing VM operation: HandshakeAllThreads done
Event: 1.121 Executing VM operation: ICBufferFull
Event: 1.121 Executing VM operation: ICBufferFull done
Event: 1.128 Executing VM operation: G1CollectForAllocation
Event: 1.135 Executing VM operation: G1CollectForAllocation done
Event: 1.365 Executing VM operation: HandshakeAllThreads
Event: 1.365 Executing VM operation: HandshakeAllThreads done
Event: 1.522 Executing VM operation: HandshakeAllThreads
Event: 1.522 Executing VM operation: HandshakeAllThreads done
Event: 1.570 Executing VM operation: ICBufferFull
Event: 1.570 Executing VM operation: ICBufferFull done
Event: 2.222 Executing VM operation: ICBufferFull
Event: 2.222 Executing VM operation: ICBufferFull done

Events (20 events):
Event: 0.041 Thread 0x0000017b520f16c0 Thread added: 0x0000017b520f16c0
Event: 0.077 Thread 0x0000017b564d1510 Thread added: 0x0000017b564d1510
Event: 0.080 Thread 0x0000017b564d7f20 Thread added: 0x0000017b564d7f20
Event: 0.211 Thread 0x0000017b56733020 Thread added: 0x0000017b56733020
Event: 0.213 Thread 0x0000017b56736780 Thread added: 0x0000017b56736780
Event: 0.214 Thread 0x0000017b567378d0 Thread added: 0x0000017b567378d0
Event: 0.335 Thread 0x0000017b567d76a0 Thread added: 0x0000017b567d76a0
Event: 0.336 Thread 0x0000017b34c13dd0 Thread exited: 0x0000017b34c13dd0
Event: 0.336 Thread 0x0000017b34c13dd0 Thread added: 0x0000017b34c13dd0
Event: 0.475 Thread 0x0000017b56f21830 Thread added: 0x0000017b56f21830
Event: 0.670 Thread 0x0000017b57461ac0 Thread added: 0x0000017b57461ac0
Event: 0.854 Thread 0x0000017b56f23d60 Thread added: 0x0000017b56f23d60
Event: 1.109 Thread 0x0000017b56f222d0 Thread added: 0x0000017b56f222d0
Event: 1.110 Thread 0x0000017b56f22820 Thread added: 0x0000017b56f22820
Event: 1.110 Thread 0x0000017b56f20840 Thread added: 0x0000017b56f20840
Event: 1.111 Thread 0x0000017b56f20d90 Thread added: 0x0000017b56f20d90
Event: 1.111 Thread 0x0000017b56f22d70 Thread added: 0x0000017b56f22d70
Event: 1.112 Thread 0x0000017b56f21d80 Thread added: 0x0000017b56f21d80
Event: 1.358 Thread 0x0000017b56f232c0 Thread added: 0x0000017b56f232c0
Event: 1.617 Thread 0x0000017b5bf2d4a0 Thread added: 0x0000017b5bf2d4a0


Dynamic libraries:
0x00007ff6cc150000 - 0x00007ff6cc160000 	C:\Program Files\Java\jdk-20\bin\java.exe
0x00007ff957970000 - 0x00007ff957b68000 	C:\Windows\SYSTEM32\ntdll.dll
0x00007ff925110000 - 0x00007ff925129000 	C:\Program Files\Avast Software\Avast\aswhook.dll
0x00007ff956740000 - 0x00007ff9567ff000 	C:\Windows\System32\KERNEL32.DLL
0x00007ff955050000 - 0x00007ff955346000 	C:\Windows\System32\KERNELBASE.dll
0x00007ff9556c0000 - 0x00007ff9557c0000 	C:\Windows\System32\ucrtbase.dll
0x00007ff9504e0000 - 0x00007ff9504f9000 	C:\Program Files\Java\jdk-20\bin\jli.dll
0x00007ff93d8f0000 - 0x00007ff93d90b000 	C:\Program Files\Java\jdk-20\bin\VCRUNTIME140.dll
0x00007ff957500000 - 0x00007ff9575af000 	C:\Windows\System32\ADVAPI32.dll
0x00007ff957790000 - 0x00007ff95782e000 	C:\Windows\System32\msvcrt.dll
0x00007ff956c50000 - 0x00007ff956cec000 	C:\Windows\System32\sechost.dll
0x00007ff957050000 - 0x00007ff957176000 	C:\Windows\System32\RPCRT4.dll
0x00007ff956eb0000 - 0x00007ff95704d000 	C:\Windows\System32\USER32.dll
0x00007ff944610000 - 0x00007ff9448aa000 	C:\Windows\WinSxS\amd64_microsoft.windows.common-controls_6595b64144ccf1df_6.0.19041.1110_none_60b5254171f9507e\COMCTL32.dll
0x00007ff955840000 - 0x00007ff955862000 	C:\Windows\System32\win32u.dll
0x00007ff957830000 - 0x00007ff95785c000 	C:\Windows\System32\GDI32.dll
0x00007ff955510000 - 0x00007ff955625000 	C:\Windows\System32\gdi32full.dll
0x00007ff955400000 - 0x00007ff95549d000 	C:\Windows\System32\msvcp_win.dll
0x00007ff94b1c0000 - 0x00007ff94b1ca000 	C:\Windows\SYSTEM32\VERSION.dll
0x00007ff956960000 - 0x00007ff956990000 	C:\Windows\System32\IMM32.DLL
0x00007ff9508d0000 - 0x00007ff9508dc000 	C:\Program Files\Java\jdk-20\bin\vcruntime140_1.dll
0x00007ff93a0b0000 - 0x00007ff93a13e000 	C:\Program Files\Java\jdk-20\bin\msvcp140.dll
0x0000017b33740000 - 0x0000017b343d7000 	C:\Program Files\Java\jdk-20\bin\server\jvm.dll
0x00007ff94ae60000 - 0x00007ff94ae87000 	C:\Windows\SYSTEM32\WINMM.dll
0x00007ff947b70000 - 0x00007ff947b79000 	C:\Windows\SYSTEM32\WSOCK32.dll
0x00007ff9578c0000 - 0x00007ff95792b000 	C:\Windows\System32\WS2_32.dll
0x00007ff952f20000 - 0x00007ff952f32000 	C:\Windows\SYSTEM32\kernel.appcore.dll
0x00007ff9504d0000 - 0x00007ff9504da000 	C:\Program Files\Java\jdk-20\bin\jimage.dll
0x00007ff94e1e0000 - 0x00007ff94e3c4000 	C:\Windows\SYSTEM32\DBGHELP.DLL
0x00007ff942fe0000 - 0x00007ff943014000 	C:\Windows\SYSTEM32\dbgcore.DLL
0x00007ff955630000 - 0x00007ff9556b2000 	C:\Windows\System32\bcryptPrimitives.dll
0x00007ff93d610000 - 0x00007ff93d636000 	C:\Program Files\Java\jdk-20\bin\java.dll
0x00007ff93a140000 - 0x00007ff93a217000 	C:\Program Files\Java\jdk-20\bin\jsvml.dll
0x00007ff9559d0000 - 0x00007ff956114000 	C:\Windows\System32\SHELL32.dll
0x00007ff953120000 - 0x00007ff9538b3000 	C:\Windows\SYSTEM32\windows.storage.dll
0x00007ff957180000 - 0x00007ff9574d4000 	C:\Windows\System32\combase.dll
0x00007ff9549c0000 - 0x00007ff9549ee000 	C:\Windows\SYSTEM32\Wldp.dll
0x00007ff956cf0000 - 0x00007ff956d9d000 	C:\Windows\System32\SHCORE.dll
0x00007ff956da0000 - 0x00007ff956df5000 	C:\Windows\System32\shlwapi.dll
0x00007ff954f90000 - 0x00007ff954faf000 	C:\Windows\SYSTEM32\profapi.dll
0x00007ff93d700000 - 0x00007ff93d713000 	C:\Program Files\Java\jdk-20\bin\net.dll
0x00007ff94caa0000 - 0x00007ff94cbaa000 	C:\Windows\SYSTEM32\WINHTTP.dll
0x00007ff954720000 - 0x00007ff95478a000 	C:\Windows\system32\mswsock.dll
0x00007ff93d5b0000 - 0x00007ff93d5c6000 	C:\Program Files\Java\jdk-20\bin\nio.dll
0x00007ff93a450000 - 0x00007ff93a468000 	C:\Program Files\Java\jdk-20\bin\zip.dll
0x00007ff929490000 - 0x00007ff929621000 	C:\Program Files\Java\jdk-20\bin\awt.dll
0x00007ff956890000 - 0x00007ff95695d000 	C:\Windows\System32\OLEAUT32.dll
0x00007ff952860000 - 0x00007ff9528f1000 	C:\Windows\SYSTEM32\apphelp.dll
0x00007ff952a50000 - 0x00007ff952aee000 	C:\Windows\system32\uxtheme.dll
0x00007ff956ad0000 - 0x00007ff956be4000 	C:\Windows\System32\MSCTF.dll
0x00007ff956990000 - 0x00007ff956aba000 	C:\Windows\System32\ole32.dll
0x00007ff952c30000 - 0x00007ff952c5f000 	C:\Windows\system32\DWMAPI.DLL
0x00007ff939910000 - 0x00007ff939996000 	C:\Program Files\Java\jdk-20\bin\freetype.dll
0x00007ff931e70000 - 0x00007ff931f36000 	C:\Program Files\Java\jdk-20\bin\fontmanager.dll
0x00007ff932700000 - 0x00007ff932825000 	C:\Windows\system32\opengl32.dll
0x00007ff93a080000 - 0x00007ff93a0ac000 	C:\Windows\SYSTEM32\GLU32.dll
0x00007ff906a60000 - 0x00007ff906c2d000 	C:\Windows\system32\d3d9.dll
0x00007ff94af40000 - 0x00007ff94b0fb000 	C:\Windows\System32\DriverStore\FileRepository\u0393198.inf_amd64_a81d3e409863269f\B392251\aticfx64.dll
0x00007ff9006d0000 - 0x00007ff900704000 	C:\Windows\System32\DriverStore\FileRepository\u0393198.inf_amd64_a81d3e409863269f\B392251\atiu9p64.dll
0x00007ff8ff970000 - 0x00007ff9006c5000 	C:\Windows\System32\DriverStore\FileRepository\u0393198.inf_amd64_a81d3e409863269f\B392251\atiumd64.dll
0x000000006ff20000 - 0x0000000070e6a000 	C:\Windows\System32\DriverStore\FileRepository\u0393198.inf_amd64_a81d3e409863269f\B392251\atiumd6a.dll
0x00007ff956120000 - 0x00007ff956588000 	C:\Windows\System32\SETUPAPI.dll
0x00007ff9557f0000 - 0x00007ff95583e000 	C:\Windows\System32\cfgmgr32.dll
0x00007ff954ec0000 - 0x00007ff954f0b000 	C:\Windows\SYSTEM32\POWRPROF.dll
0x00007ff9557c0000 - 0x00007ff9557e7000 	C:\Windows\System32\bcrypt.dll
0x00007ff954ea0000 - 0x00007ff954eb2000 	C:\Windows\SYSTEM32\UMPDC.dll
0x00007ff9487d0000 - 0x00007ff948805000 	C:\Windows\SYSTEM32\amdihk64.dll
0x00007ff94b250000 - 0x00007ff94b28b000 	C:\Windows\SYSTEM32\dxcore.dll
0x00007ff954920000 - 0x00007ff954938000 	C:\Windows\SYSTEM32\CRYPTSP.dll
0x00007ff954040000 - 0x00007ff954074000 	C:\Windows\system32\rsaenh.dll
0x00007ff954f10000 - 0x00007ff954f3e000 	C:\Windows\SYSTEM32\USERENV.dll
0x00007ff954910000 - 0x00007ff95491c000 	C:\Windows\SYSTEM32\CRYPTBASE.dll
0x00007ff954410000 - 0x00007ff95444c000 	C:\Windows\SYSTEM32\IPHLPAPI.DLL
0x00007ff957770000 - 0x00007ff957778000 	C:\Windows\System32\NSI.dll
0x00007ff94f550000 - 0x00007ff94f567000 	C:\Windows\SYSTEM32\dhcpcsvc6.DLL
0x00007ff94f530000 - 0x00007ff94f54d000 	C:\Windows\SYSTEM32\dhcpcsvc.DLL
0x00007ff954450000 - 0x00007ff95451a000 	C:\Windows\SYSTEM32\DNSAPI.dll
0x00007ff9398e0000 - 0x00007ff93990e000 	C:\Program Files\Java\jdk-20\bin\javajpeg.dll
0x00007ff94f2e0000 - 0x00007ff94f3d9000 	C:\Windows\SYSTEM32\textinputframework.dll
0x00007ff952680000 - 0x00007ff952772000 	C:\Windows\System32\CoreMessaging.dll
0x00007ff951c80000 - 0x00007ff951fde000 	C:\Windows\System32\CoreUIComponents.dll
0x00007ff954160000 - 0x00007ff954193000 	C:\Windows\SYSTEM32\ntmarta.dll
0x00007ff950d40000 - 0x00007ff950e94000 	C:\Windows\SYSTEM32\wintypes.dll

dbghelp: loaded successfully - version: 4.0.5 - missing functions: none
symbol engine: initialized successfully - sym options: 0x614 - pdb path: .;C:\Program Files\Java\jdk-20\bin;C:\Windows\SYSTEM32;C:\Program Files\Avast Software\Avast;C:\Windows\WinSxS\amd64_microsoft.windows.common-controls_6595b64144ccf1df_6.0.19041.1110_none_60b5254171f9507e;C:\Program Files\Java\jdk-20\bin\server;C:\Windows\System32\DriverStore\FileRepository\u0393198.inf_amd64_a81d3e409863269f\B392251

VM Arguments:
jvm_args: -Dfile.encoding=UTF-8 -Djava.security.policy=applet.policy 
java_command: Ventana.Ventana_Principal
java_class_path (initial): C:\Users\Abraham\Documents\avanzado\proyecto\java-window-title-bar-main\java-window-title-bar-main\TimingFramework-0.55.jar;C:\Users\Abraham\Documents\avanzado\proyecto\java-window-title-bar-main\java-window-title-bar-main\gradient-icon-font.jar;C:\Program Files\NetBeans-18\netbeans\java\modules\ext\AbsoluteLayout.jar;C:\Users\Abraham\Documents\avanzado\proyecto\java-window-title-bar-main\java-window-title-bar-main\src\jar\FS-FactorySystem.jar;C:\Users\Abraham\Documents\avanzado\proyecto\java-window-title-bar-main\java-window-title-bar-main\src\jar\edisoncorSX.jar;C:\Users\Abraham\Documents\avanzado\proyecto\java-window-title-bar-main\java-window-title-bar-main\src\jar\RojeruSan.lib.jar;C:\Users\Abraham\Documents\avanzado\proyecto\java-window-title-bar-main\java-window-title-bar-main\src\jar\FiveCodMoverJDialogJFrame.jar;C:\Users\Abraham\Documents\avanzado\proyecto\java-window-title-bar-main\java-window-title-bar-main\src\jar\RojeruSan.full.jar;C:\Users\Abraham\Documents\avanzado\proyecto\java-window-title-bar-main\java-window-title-bar-main\src\jar\RSPanelGradiente.jar;C:\Users\Abraham\Documents\avanzado\proyecto\java-window-title-bar-main\java-window-title-bar-main\src\jar\RSScaleLabel.jar;C:\Users\Abraham\Documents\avanzado\proyecto\java-window-title-bar-main\java-window-title-bar-main\src\jar\RojeruSan.parte1.jar;C:\Users\Abraham\Documents\avanzado\proyecto\java-window-title-bar-main\java-window-title-bar-main\src\jar\iText-5.0.5 - copia.jar;C:\Users\Abraham\Documents\avanzado\proyecto\java-window-title-bar-main\java-window-title-bar-main\src\jar\jcMousePanel-1.6.9.jar;C:\Users\Abraham\Documents\avanzado\proyecto\java-window-title-bar-main\java-window-title-bar-main\build\classes
Launcher Type: SUN_STANDARD

[Global flags]
     intx CICompilerCount                          = 4                                         {product} {ergonomic}
     uint ConcGCThreads                            = 2                                         {product} {ergonomic}
     uint G1ConcRefinementThreads                  = 8                                         {product} {ergonomic}
   size_t G1HeapRegionSize                         = 2097152                                   {product} {ergonomic}
    uintx GCDrainStackTargetSize                   = 64                                        {product} {ergonomic}
   size_t InitialHeapSize                          = 167772160                                 {product} {ergonomic}
   size_t MarkStackSize                            = 4194304                                   {product} {ergonomic}
   size_t MaxHeapSize                              = 2671771648                                {product} {ergonomic}
   size_t MaxNewSize                               = 1602224128                                {product} {ergonomic}
   size_t MinHeapDeltaBytes                        = 2097152                                   {product} {ergonomic}
   size_t MinHeapSize                              = 8388608                                   {product} {ergonomic}
    uintx NonNMethodCodeHeapSize                   = 5839372                                {pd product} {ergonomic}
    uintx NonProfiledCodeHeapSize                  = 122909434                              {pd product} {ergonomic}
    uintx ProfiledCodeHeapSize                     = 122909434                              {pd product} {ergonomic}
    uintx ReservedCodeCacheSize                    = 251658240                              {pd product} {ergonomic}
     bool SegmentedCodeCache                       = true                                      {product} {ergonomic}
   size_t SoftMaxHeapSize                          = 2671771648                             {manageable} {ergonomic}
     bool UseCompressedClassPointers               = true                           {product lp64_product} {ergonomic}
     bool UseCompressedOops                        = true                           {product lp64_product} {ergonomic}
     bool UseG1GC                                  = true                                      {product} {ergonomic}
     bool UseLargePagesIndividualAllocation        = false                                  {pd product} {ergonomic}

Logging:
Log output configuration:
 #0: stdout all=warning uptime,level,tags foldmultilines=false
 #1: stderr all=off uptime,level,tags foldmultilines=false

Environment Variables:
PATH=C:\Program Files\Common Files\Oracle\Java\javapath;C:\ProgramData\Oracle\Java\javapath;C:\Windows\system32;C:\Windows;C:\Windows\System32\Wbem;C:\Windows\System32\WindowsPowerShell\v1.0\;C:\Windows\System32\OpenSSH\;C:\Program Files\Git\cmd;C:\Program Files\Microsoft SQL Server\Client SDK\ODBC\170\Tools\Binn\;C:\Program Files (x86)\Microsoft SQL Server\150\Tools\Binn\;C:\Program Files\Microsoft SQL Server\150\Tools\Binn\;C:\Program Files\Microsoft SQL Server\150\DTS\Binn\;C:\Program Files (x86)\Microsoft SQL Server\160\DTS\Binn\;C:\Program Files\dotnet\;C:\Program Files\MySQL\MySQL Shell 8.0\bin\;C:\Users\Abraham\AppData\Local\Microsoft\WindowsApps;;C:\Users\Abraham\AppData\Local\Programs\Microsoft VS Code\bin;C:\Program Files\Azure Data Studio\bin;C:\Users\Abraham\.dotnet\tools;C:\Users\Abraham\AppData\Local\spicetify;C:\Users\Abraham\AppData\Local\Microsoft\WinGet\Links;
USERNAME=Abraham
OS=Windows_NT
PROCESSOR_IDENTIFIER=AMD64 Family 23 Model 24 Stepping 1, AuthenticAMD
TMP=C:\Users\Abraham\AppData\Local\Temp
TEMP=C:\Users\Abraham\AppData\Local\Temp




---------------  S Y S T E M  ---------------

OS:
 Windows 10 , 64 bit Build 19041 (10.0.19041.3031)
OS uptime: 0 days 4:34 hours

CPU: total 8 (initial active 8) (8 cores per cpu, 2 threads per core) family 23 model 24 stepping 1 microcode 0x0, cx8, cmov, fxsr, ht, mmx, 3dnowpref, sse, sse2, sse3, ssse3, sse4a, sse4.1, sse4.2, popcnt, lzcnt, tsc, tscinvbit, avx, avx2, aes, clmul, bmi1, bmi2, adx, sha, fma, vzeroupper, clflush, clflushopt, rdtscp, f16c

Memory: 4k page, system-wide physical 10188M (1999M free)
TotalPageFile size 11009M (AvailPageFile size 3M)
current process WorkingSet (physical memory assigned to process): 161M, peak: 166M
current process commit charge ("private bytes"): 345M, peak: 350M

vm_info: Java HotSpot(TM) 64-Bit Server VM (20.0.1+9-29) for windows-amd64 JRE (20.0.1+9-29), built on 2023-03-07T13:56:11Z by "mach5one" with MS VC++ 17.1 (VS2022)

END.
